/home/pocket-ai/Documents/pocket-ai/app.py:281: DeprecationWarning: 
        on_event is deprecated, use lifespan event handlers instead.

        Read more about it in the
        [FastAPI docs for Lifespan Events](https://fastapi.tiangolo.com/advanced/events/).
        
  @app.on_event("shutdown")
INFO:     Started server process [74929]
INFO:     Waiting for application startup.
INFO:     Application startup complete.
INFO:     Uvicorn running on http://0.0.0.0:8000 (Press CTRL+C to quit)
INFO:     127.0.0.1:41764 - "OPTIONS /cv/control HTTP/1.1" 200 OK
INFO:fastapi_bridge:CV Control: stop raw
INFO:fastapi_bridge:CV Control: start raw
INFO:fastapi_bridge:CV Control: start raw
INFO:     127.0.0.1:41776 - "GET /video_feed HTTP/1.1" 200 OK
INFO:     127.0.0.1:41764 - "POST /cv/control HTTP/1.1" 200 OK
INFO:     127.0.0.1:41768 - "POST /cv/control HTTP/1.1" 200 OK
INFO:     127.0.0.1:41770 - "POST /cv/control HTTP/1.1" 200 OK
INFO | common.core | All required environment variables loaded successfully.
INFO | common.core | All required environment variables loaded successfully.
[11:22:24.523939738] [75245]  INFO Camera camera_manager.cpp:340 libcamera v0.7.0+rpt20260205
[11:22:24.557165315] [75248]  INFO RPI pisp.cpp:720 libpisp version 1.3.0
[11:22:24.709701783] [75248]  INFO IPAProxy ipa_proxy.cpp:180 Using tuning file /usr/share/libcamera/ipa/rpi/pisp/imx708.json
[11:22:24.723675220] [75248]  INFO Camera camera_manager.cpp:223 Adding camera '/base/axi/pcie@1000120000/rp1/i2c@80000/imx708@1a' for pipeline handler rpi/pisp
[11:22:24.723726405] [75248]  INFO RPI pisp.cpp:1181 Registered camera /base/axi/pcie@1000120000/rp1/i2c@80000/imx708@1a to CFE device /dev/media0 and ISP device /dev/media1 using PiSP variant BCM2712_C0
INFO | picamera2.picamera2 | Initialization successful.
INFO | picamera2.picamera2 | Camera now open.
INFO | picamera2.picamera2 | Camera configuration has been adjusted!
[11:22:24.746307890] [75246]  INFO Camera camera.cpp:1215 configuring streams: (0) 1280x720-RGB888/sRGB (1) 1280x720-RGB888/sRGB (2) 1536x864-BGGR_PISP_COMP1/RAW
[11:22:24.746564187] [75248]  INFO RPI pisp.cpp:1485 Sensor: /base/axi/pcie@1000120000/rp1/i2c@80000/imx708@1a - Selected sensor format: 1536x864-SBGGR10_1X10/RAW - Selected CFE format: 1536x864-PC1B/RAW
INFO | picamera2.picamera2 | Initialization successful.
[11:22:24.748168582] [75246] ERROR Camera camera.cpp:702 Camera in Configured state trying acquire() requiring state Available
INFO | picamera2.picamera2 | Configuration successful!
ERROR | picamera2.picamera2 | Camera __init__ sequence did not complete.
Exception in thread Thread-4 (picamera_thread):
Traceback (most recent call last):
  File "/usr/lib/python3/dist-packages/picamera2/picamera2.py", line 353, in __init__
    self._open_camera()
    ~~~~~~~~~~~~~~~~~^^
  File "/usr/lib/python3/dist-packages/picamera2/picamera2.py", line 565, in _open_camera
    self.camera.acquire()
    ~~~~~~~~~~~~~~~~~~~^^
RuntimeError: Failed to acquire camera: Device or resource busy

During handling of the above exception, another exception occurred:

Traceback (most recent call last):
  File "/usr/lib/python3.13/threading.py", line 1043, in _bootstrap_inner
    self.run()
    ~~~~~~~~^^
  File "/usr/lib/python3.13/threading.py", line 994, in run
    self._target(*self._args, **self._kwargs)
    ~~~~~~~~~~~~^^^^^^^^^^^^^^^^^^^^^^^^^^^^^
  File "/home/pocket-ai/Documents/pocket-ai/hailo-apps/hailo_apps/python/core/gstreamer/gstreamer_app.py", line 737, in picamera_thread
    with Picamera2() as picam2:
         ~~~~~~~~~^^
  File "/usr/lib/python3/dist-packages/picamera2/picamera2.py", line 365, in __init__
    raise RuntimeError("Camera __init__ sequence did not complete.")
RuntimeError: Camera __init__ sequence did not complete.
INFO | picamera2.picamera2 | Camera started
INFO | gstreamer.gstreamer_app | picamera_process started
Exception in thread Thread-5 (listen):
Traceback (most recent call last):
  File "/usr/lib/python3.13/threading.py", line 1043, in _bootstrap_inner
    self.run()
    ~~~~~~~~^^
  File "/usr/lib/python3.13/threading.py", line 994, in run
    self._target(*self._args, **self._kwargs)
    ~~~~~~~~~~~~^^^^^^^^^^^^^^^^^^^^^^^^^^^^^
  File "/usr/lib/python3/dist-packages/picamera2/picamera2.py", line 125, in listen
    callback()
    ~~~~~~~~^^
  File "/usr/lib/python3/dist-packages/picamera2/picamera2.py", line 142, in handle_request
    self.cameras[req.cookie]._requests += [CompletedRequest(req, self.cameras[req.cookie])]
                                           ~~~~~~~~~~~~~~~~^^^^^^^^^^^^^^^^^^^^^^^^^^^^^^^
  File "/usr/lib/python3/dist-packages/picamera2/request.py", line 100, in __init__
    self.syncs = [picam2.allocator.sync(self.picam2.allocator, buffer, False)
                  ^^^^^^^^^^^^^^^^
AttributeError: 'Picamera2' object has no attribute 'allocator'
INFO | fastapi_bridge | CV Control: stop raw
WARNING | gstreamer.gstreamer_app | Shutdown initiated
